C51 COMPILER V9.01   7_3                                                                   09/19/2023 17:19:36 PAGE 1   


C51 COMPILER V9.01, COMPILATION OF MODULE 7_3
OBJECT MODULE PLACED IN 7-3.OBJ
COMPILER INVOKED BY: C:\Keil\C51\BIN\C51.EXE 7-3.c BROWSE DEBUG OBJECTEXTEND

line level    source

   1          // write an 8051 C program to toggle all the bits of P1 continuously
   2          #include <reg51.h>
   3          
   4          void main(void){
   5   1              for(;;){
   6   2                      P1 = 0x55;
   7   2                      P1 = 0xAA;
   8   2              }
   9   1      }


MODULE INFORMATION:   STATIC OVERLAYABLE
   CODE SIZE        =      8    ----
   CONSTANT SIZE    =   ----    ----
   XDATA SIZE       =   ----    ----
   PDATA SIZE       =   ----    ----
   DATA SIZE        =   ----    ----
   IDATA SIZE       =   ----    ----
   BIT SIZE         =   ----    ----
END OF MODULE INFORMATION.


C51 COMPILATION COMPLETE.  0 WARNING(S),  0 ERROR(S)
