C51 COMPILER V9.01   7_1                                                                   09/18/2023 23:34:58 PAGE 1   


C51 COMPILER V9.01, COMPILATION OF MODULE 7_1
OBJECT MODULE PLACED IN 7-1.OBJ
COMPILER INVOKED BY: C:\Keil\C51\BIN\C51.EXE 7-1.c BROWSE DEBUG OBJECTEXTEND

line level    source

   1          #include <reg51.h>
   2          
   3          void  main(void)
   4          {
   5   1              unsigned char z;
   6   1              for(z = 0; z <= 255; z++)
   7   1                      P1 =z;
   8   1      }


MODULE INFORMATION:   STATIC OVERLAYABLE
   CODE SIZE        =     12    ----
   CONSTANT SIZE    =   ----    ----
   XDATA SIZE       =   ----    ----
   PDATA SIZE       =   ----    ----
   DATA SIZE        =   ----    ----
   IDATA SIZE       =   ----    ----
   BIT SIZE         =   ----    ----
END OF MODULE INFORMATION.


C51 COMPILATION COMPLETE.  0 WARNING(S),  0 ERROR(S)
